[ueazure8.biz/index2b85.html]
[backblue.gif]
[fade.gif]
[index.html]
[ueazure8.biz/scss/stretch_card.css]
[ueazure8.biz/css/style.css]
[cdnjs.cloudflare.com/ajax/libs/bootstrap/5.0.1/css/bootstrap.min.css]
[ajax.googleapis.com/ajax/libs/jquery/3.6.1/jquery.min.js]
[connect.facebook.net/en_US/fbevents.js]
[ueazure8.biz/image/bg.jpg]
[ueazure8.biz/image/Pop Up.png]
[ueazure8.biz/image/tombol/leadbtn.png]
[ueazure8.biz/js/script.js]
[ueazure8.biz/assets/load.html]
[ueazure8.biz/index2b85.html]
[ueazure8.biz/scss/stretch_card.css]
[ueazure8.biz/css/style.css]
[ueazure8.biz/css/scratchImgup.html]
[cdnjs.cloudflare.com/ajax/libs/bootstrap/5.0.1/css/bootstrap.min.css]
[connect.facebook.net/en_US/fbevents.js]
[ueazure8.biz/assets/load.html]
[ueazure8.biz/a.html]
[ueazure8.biz/POST.html]
[ueazure8.biz/schema.org/index.html]
[ueazure8.biz/index.html]
[ueazure8.biz/index.html]
[ueazure8.biz/b.html]
[ueazure8.biz/signals/iwl.html]
